test_vector.obj : error LNK2019: ссылка на неразрешенный внешний символ "public: __cdecl TVector<int>::~TVector<int>(void)" (??1?$TVector@H@@QEAA@XZ) в функции "private: virtual void __cdecl TVector_can_create_vector_with_positive_length_Test::TestBody(void)" (?TestBody@TVector_can_create_vector_with_positive_length_Test@@EEAAXXZ).
C:\Users\vovaf\source\Vector_Matrix\TVector_TMatrix\x64\Debug\Tests.exe : fatal error LNK1120: неразрешенных внешних элементов: 1
